c:\users\user\documents\github\c-study_0610\hello\hello\x64\debug\vc143.pdb
c:\users\user\documents\github\c-study_0610\hello\hello\x64\debug\vc143.idb
c:\users\user\documents\github\c-study_0610\hello\hello\x64\debug\lecture23.obj
c:\users\user\documents\github\c-study_0610\hello\hello\x64\debug\lecture22.obj
c:\users\user\documents\github\c-study_0610\hello\hello\x64\debug\lecture21.obj
c:\users\user\documents\github\c-study_0610\hello\hello\x64\debug\lecture20.obj
c:\users\user\documents\github\c-study_0610\hello\hello\x64\debug\lecture2.obj
c:\users\user\documents\github\c-study_0610\hello\hello\x64\debug\lecture19.obj
c:\users\user\documents\github\c-study_0610\hello\hello\x64\debug\lecture18.obj
c:\users\user\documents\github\c-study_0610\hello\hello\x64\debug\lecture17.obj
c:\users\user\documents\github\c-study_0610\hello\hello\x64\debug\lecture16.obj
c:\users\user\documents\github\c-study_0610\hello\hello\x64\debug\lecture14.obj
c:\users\user\documents\github\c-study_0610\hello\hello\x64\debug\lecture13_switch.obj
c:\users\user\documents\github\c-study_0610\hello\hello\x64\debug\lecture13.obj
c:\users\user\documents\github\c-study_0610\hello\hello\x64\debug\lecture12_3.obj
c:\users\user\documents\github\c-study_0610\hello\hello\x64\debug\lecture12.obj
c:\users\user\documents\github\c-study_0610\hello\hello\x64\debug\lecture11.obj
c:\users\user\documents\github\c-study_0610\hello\hello\x64\debug\lecture10.obj
c:\users\user\documents\github\c-study_0610\hello\hello\x64\debug\lecture1.obj
c:\users\user\documents\github\c-study_0610\hello\hello\x64\debug\lecture.obj
c:\users\user\documents\github\c-study_0610\hello\hello\x64\debug\lecture.15.obj
c:\users\user\documents\github\c-study_0610\hello\hello\x64\debug\filefunc.obj
c:\users\user\documents\github\c-study_0610\hello\hello\x64\debug\메인.obj
c:\users\user\documents\github\c-study_0610\hello\hello\x64\debug\lecture9.obj
c:\users\user\documents\github\c-study_0610\hello\hello\x64\debug\lecture5.obj
c:\users\user\documents\github\c-study_0610\hello\hello\x64\debug\lecture3.obj
c:\users\user\documents\github\c-study_0610\hello\hello\x64\debug\lecture27.obj
c:\users\user\documents\github\c-study_0610\hello\hello\x64\debug\lecture26.obj
c:\users\user\documents\github\c-study_0610\hello\hello\x64\debug\lecture25.obj
c:\users\user\documents\github\c-study_0610\hello\hello\x64\debug\lecture24.obj
c:\users\user\documents\github\c-study_0610\hello\x64\debug\hello.exe
c:\users\user\documents\github\c-study_0610\hello\x64\debug\hello.pdb
c:\users\user\documents\github\c-study_0610\hello\hello\x64\debug\hello.ilk
c:\users\user\documents\github\c-study_0610\hello\hello\x64\debug\4강_이스케이프.obj
c:\users\user\documents\github\c-study_0610\hello\hello\x64\debug\4강_입력,c.obj
c:\users\user\documents\github\c-study_0610\hello\hello\x64\debug\hello.obj
c:\users\user\documents\github\c-study_0610\hello\hello\x64\debug\lecture4.obj
c:\users\user\documents\github\c-study_0610\hello\hello\x64\debug\변수.obj
c:\users\user\documents\github\c-study_0610\hello\hello\x64\debug\컴파일러.obj
c:\users\user\documents\github\c-study_0610\hello\hello\x64\debug\lecture19.obj.enc
c:\users\user\documents\github\c-study_0610\hello\hello\x64\debug\hello.tlog\cl.command.1.tlog
c:\users\user\documents\github\c-study_0610\hello\hello\x64\debug\hello.tlog\cl.items.tlog
c:\users\user\documents\github\c-study_0610\hello\hello\x64\debug\hello.tlog\cl.read.1.tlog
c:\users\user\documents\github\c-study_0610\hello\hello\x64\debug\hello.tlog\cl.write.1.tlog
c:\users\user\documents\github\c-study_0610\hello\hello\x64\debug\hello.tlog\link.command.1.tlog
c:\users\user\documents\github\c-study_0610\hello\hello\x64\debug\hello.tlog\link.read.1.tlog
c:\users\user\documents\github\c-study_0610\hello\hello\x64\debug\hello.tlog\link.secondary.1.tlog
c:\users\user\documents\github\c-study_0610\hello\hello\x64\debug\hello.tlog\link.write.1.tlog
