c:\users\administrator\desktop\c-study_0610\hello\monstedatamanager\x64\debug\vc143.pdb
c:\users\administrator\desktop\c-study_0610\hello\monstedatamanager\x64\debug\vc143.idb
c:\users\administrator\desktop\c-study_0610\hello\monstedatamanager\x64\debug\main.obj
c:\users\administrator\desktop\c-study_0610\hello\monstedatamanager\x64\debug\function.obj
c:\users\administrator\desktop\c-study_0610\hello\x64\debug\monstedatamanager.exe
c:\users\administrator\desktop\c-study_0610\hello\monstedatamanager\x64\debug\monstedatamanager.ilk
c:\users\administrator\desktop\c-study_0610\hello\x64\debug\monstedatamanager.pdb
c:\users\user\documents\github\c-study_0610\hello\monstedatamanager\x64\debug\monstedatamanager.ilk
c:\users\user\documents\github\c-study_0610\hello\monstedatamanager\x64\debug\function.obj
c:\users\user\documents\github\c-study_0610\hello\monstedatamanager\x64\debug\main.obj
c:\users\user\documents\github\c-study_0610\hello\monstedatamanager\x64\debug\구조체 예제.obj
c:\users\user\documents\github\c-study_0610\hello\monstedatamanager\x64\debug\vc143.idb
c:\users\user\documents\github\c-study_0610\hello\monstedatamanager\x64\debug\vc143.pdb
c:\users\user\documents\github\c-study_0610\hello\x64\debug\monstedatamanager.pdb
c:\users\user\documents\github\c-study_0610\hello\x64\debug\monstedatamanager.exe
c:\users\user\documents\github\c-study_0610\hello\monstedatamanager\x64\debug\monsteda.f7099184.tlog\cl.command.1.tlog
c:\users\user\documents\github\c-study_0610\hello\monstedatamanager\x64\debug\monsteda.f7099184.tlog\cl.items.tlog
c:\users\user\documents\github\c-study_0610\hello\monstedatamanager\x64\debug\monsteda.f7099184.tlog\cl.read.1.tlog
c:\users\user\documents\github\c-study_0610\hello\monstedatamanager\x64\debug\monsteda.f7099184.tlog\cl.write.1.tlog
c:\users\user\documents\github\c-study_0610\hello\monstedatamanager\x64\debug\monsteda.f7099184.tlog\link.command.1.tlog
c:\users\user\documents\github\c-study_0610\hello\monstedatamanager\x64\debug\monsteda.f7099184.tlog\link.read.1.tlog
c:\users\user\documents\github\c-study_0610\hello\monstedatamanager\x64\debug\monsteda.f7099184.tlog\link.secondary.1.tlog
c:\users\user\documents\github\c-study_0610\hello\monstedatamanager\x64\debug\monsteda.f7099184.tlog\link.write.1.tlog
